TN:
SF:/home/santiago/Trybe/myprojects/sd-09-project-react-testing-library/src/App.js
FN:22,(anonymous_0)
FN:24,(anonymous_1)
FN:32,(anonymous_2)
FN:37,(anonymous_3)
FN:43,(anonymous_4)
FN:54,(anonymous_5)
FN:62,(anonymous_6)
FN:69,(anonymous_7)
FN:71,(anonymous_8)
FN:78,(anonymous_9)
FN:82,(anonymous_10)
FN:86,(anonymous_11)
FN:94,(anonymous_12)
FNF:13
FNH:8
FNDA:3,(anonymous_0)
FNDA:27,(anonymous_1)
FNDA:3,(anonymous_2)
FNDA:0,(anonymous_3)
FNDA:3,(anonymous_4)
FNDA:0,(anonymous_5)
FNDA:0,(anonymous_6)
FNDA:3,(anonymous_7)
FNDA:27,(anonymous_8)
FNDA:3,(anonymous_9)
FNDA:0,(anonymous_10)
FNDA:0,(anonymous_11)
FNDA:3,(anonymous_12)
DA:23,3
DA:24,3
DA:25,27
DA:26,27
DA:29,3
DA:33,3
DA:34,3
DA:38,0
DA:40,0
DA:44,3
DA:46,3
DA:55,0
DA:57,0
DA:63,0
DA:70,3
DA:71,27
DA:73,3
DA:78,3
DA:82,0
DA:86,0
DA:95,3
LF:21
LH:14
BRF:0
BRH:0
end_of_record
TN:
SF:/home/santiago/Trybe/myprojects/sd-09-project-react-testing-library/src/data.js
FNF:0
FNH:0
DA:1,1
LF:1
LH:1
BRF:0
BRH:0
end_of_record
TN:
SF:/home/santiago/Trybe/myprojects/sd-09-project-react-testing-library/src/components/About.js
FN:4,(anonymous_0)
FNF:1
FNH:0
FNDA:0,(anonymous_0)
DA:4,1
DA:5,0
LF:2
LH:1
BRF:0
BRH:0
end_of_record
TN:
SF:/home/santiago/Trybe/myprojects/sd-09-project-react-testing-library/src/components/Button.js
FN:6,(anonymous_0)
FNF:1
FNH:1
FNDA:27,(anonymous_0)
DA:6,1
DA:13,27
DA:24,1
DA:32,1
LF:4
LH:4
BRF:0
BRH:0
end_of_record
TN:
SF:/home/santiago/Trybe/myprojects/sd-09-project-react-testing-library/src/components/FavoritePokemons.js
FN:12,(anonymous_0)
FN:20,(anonymous_1)
FN:28,(anonymous_2)
FN:34,(anonymous_3)
FN:39,(anonymous_4)
FNF:5
FNH:0
FNDA:0,(anonymous_0)
FNDA:0,(anonymous_1)
FNDA:0,(anonymous_2)
FNDA:0,(anonymous_3)
FNDA:0,(anonymous_4)
DA:9,1
DA:13,0
DA:21,0
DA:29,0
DA:30,0
DA:32,0
DA:34,0
DA:40,0
DA:41,0
DA:42,0
DA:44,0
DA:53,1
DA:57,1
LF:13
LH:3
BRDA:47,0,0,0
BRDA:47,0,1,0
BRF:2
BRH:0
end_of_record
TN:
SF:/home/santiago/Trybe/myprojects/sd-09-project-react-testing-library/src/components/NotFound.js
FN:4,(anonymous_0)
FNF:1
FNH:0
FNDA:0,(anonymous_0)
DA:4,1
DA:5,0
LF:2
LH:1
BRF:0
BRH:0
end_of_record
TN:
SF:/home/santiago/Trybe/myprojects/sd-09-project-react-testing-library/src/components/Pokedex.js
FN:10,(anonymous_0)
FN:15,(anonymous_1)
FN:19,(anonymous_2)
FN:20,(anonymous_3)
FN:25,(anonymous_4)
FN:29,(anonymous_5)
FN:35,(anonymous_6)
FN:38,(anonymous_7)
FN:41,(anonymous_8)
FN:47,(anonymous_9)
FN:52,(anonymous_10)
FN:56,(anonymous_11)
FN:66,(anonymous_12)
FN:83,(anonymous_13)
FNF:14
FNH:8
FNDA:3,(anonymous_0)
FNDA:0,(anonymous_1)
FNDA:0,(anonymous_2)
FNDA:0,(anonymous_3)
FNDA:3,(anonymous_4)
FNDA:27,(anonymous_5)
FNDA:3,(anonymous_6)
FNDA:27,(anonymous_7)
FNDA:3,(anonymous_8)
FNDA:0,(anonymous_9)
FNDA:21,(anonymous_10)
FNDA:0,(anonymous_11)
FNDA:3,(anonymous_12)
FNDA:0,(anonymous_13)
DA:11,3
DA:12,3
DA:16,0
DA:20,0
DA:21,0
DA:26,3
DA:27,3
DA:29,3
DA:30,27
DA:31,0
DA:36,3
DA:38,27
DA:42,3
DA:44,3
DA:47,0
DA:53,21
DA:56,0
DA:67,3
DA:68,3
DA:69,3
DA:70,3
DA:72,3
DA:83,0
DA:93,1
LF:24
LH:17
BRDA:30,0,0,27
BRDA:30,0,1,0
BRF:2
BRH:1
end_of_record
TN:
SF:/home/santiago/Trybe/myprojects/sd-09-project-react-testing-library/src/components/Pokemon.js
FN:9,(anonymous_0)
FNF:1
FNH:1
FNDA:3,(anonymous_0)
DA:9,1
DA:10,3
DA:11,3
DA:13,3
DA:35,1
DA:41,1
LF:6
LH:6
BRDA:21,0,0,3
BRDA:21,0,1,3
BRDA:24,1,0,3
BRDA:24,1,1,0
BRF:4
BRH:3
end_of_record
TN:
SF:/home/santiago/Trybe/myprojects/sd-09-project-react-testing-library/src/components/PokemonDetails.js
FN:10,(anonymous_0)
FN:15,(anonymous_1)
FN:26,(anonymous_2)
FN:35,(anonymous_3)
FN:41,(anonymous_4)
FN:44,(anonymous_5)
FN:47,(anonymous_6)
FN:59,(anonymous_7)
FN:67,(anonymous_8)
FNF:9
FNH:0
FNDA:0,(anonymous_0)
FNDA:0,(anonymous_1)
FNDA:0,(anonymous_2)
FNDA:0,(anonymous_3)
FNDA:0,(anonymous_4)
FNDA:0,(anonymous_5)
FNDA:0,(anonymous_6)
FNDA:0,(anonymous_7)
FNDA:0,(anonymous_8)
DA:11,0
DA:16,0
DA:27,0
DA:36,0
DA:38,0
DA:42,0
DA:44,0
DA:48,0
DA:50,0
DA:59,0
DA:68,0
DA:69,0
DA:73,0
DA:75,0
DA:76,0
DA:78,0
DA:94,1
LF:17
LH:1
BRF:0
BRH:0
end_of_record
TN:
SF:/home/santiago/Trybe/myprojects/sd-09-project-react-testing-library/src/components/index.js
FNF:0
FNH:0
LF:0
LH:0
BRF:0
BRH:0
end_of_record
TN:
SF:/home/santiago/Trybe/myprojects/sd-09-project-react-testing-library/src/services/pokedexService.js
FN:1,(anonymous_0)
FN:5,(anonymous_1)
FN:9,(anonymous_2)
FN:16,(anonymous_3)
FN:18,(anonymous_4)
FN:23,(anonymous_5)
FNF:6
FNH:1
FNDA:3,(anonymous_0)
FNDA:0,(anonymous_1)
FNDA:0,(anonymous_2)
FNDA:0,(anonymous_3)
FNDA:0,(anonymous_4)
FNDA:0,(anonymous_5)
DA:1,1
DA:2,3
DA:5,1
DA:6,0
DA:9,1
DA:10,0
DA:11,0
DA:13,0
DA:16,1
DA:17,0
DA:18,0
DA:20,0
DA:23,1
DA:24,0
LF:14
LH:6
BRDA:2,0,0,3
BRDA:2,0,1,3
BRDA:24,1,0,0
BRDA:24,1,1,0
BRF:4
BRH:2
end_of_record
TN:
SF:/home/santiago/Trybe/myprojects/sd-09-project-react-testing-library/src/tests/renderWithRouter.js
FN:6,(anonymous_0)
FNF:1
FNH:1
FNDA:3,(anonymous_0)
DA:6,1
DA:7,3
DA:8,3
LF:3
LH:3
BRF:0
BRH:0
end_of_record
TN:
SF:/home/santiago/Trybe/myprojects/sd-09-project-react-testing-library/src/types/index.js
FNF:0
FNH:0
DA:10,1
DA:12,1
LF:2
LH:2
BRF:0
BRH:0
end_of_record
